# JRE version: OpenJDK Runtime Environment (8.0_112-b06) (build 1.8.0_112-release-b06)
# Java VM: OpenJDK 64-Bit Server VM (25.112-b06 mixed mode windows-amd64 compressed oops)
Heap:
 PSYoungGen      total 176640K, used 52615K [0x00000000e0000000, 0x00000000eee80000, 0x0000000100000000)
  eden space 146432K, 35% used [0x00000000e0000000,0x00000000e3361ee0,0x00000000e8f00000)
  from space 30208K, 0% used [0x00000000e8f00000,0x00000000e8f00000,0x00000000eac80000)
  to   space 33280K, 0% used [0x00000000ece00000,0x00000000ece00000,0x00000000eee80000)
 ParOldGen       total 115712K, used 47930K [0x00000000a0000000, 0x00000000a7100000, 0x00000000e0000000)
  object space 115712K, 41% used [0x00000000a0000000,0x00000000a2eceb28,0x00000000a7100000)
 Metaspace       used 53855K, capacity 55502K, committed 55680K, reserved 1097728K
  class space    used 7131K, capacity 7451K, committed 7552K, reserved 1048576K
GC Heap History (10 events):
Event: 36.084 GC heap before
{Heap before GC invocations=19 (full 2):
 PSYoungGen      total 135680K, used 134940K [0x00000000e0000000, 0x00000000e9000000, 0x0000000100000000)
  eden space 125952K, 100% used [0x00000000e0000000,0x00000000e7b00000,0x00000000e7b00000)
  from space 9728K, 92% used [0x00000000e8680000,0x00000000e8f47058,0x00000000e9000000)
  to   space 10752K, 0% used [0x00000000e7b00000,0x00000000e7b00000,0x00000000e8580000)
 ParOldGen       total 44544K, used 26398K [0x00000000a0000000, 0x00000000a2b80000, 0x00000000e0000000)
  object space 44544K, 59% used [0x00000000a0000000,0x00000000a19c7b28,0x00000000a2b80000)
 Metaspace       used 53588K, capacity 55270K, committed 55424K, reserved 1097728K
  class space    used 7129K, capacity 7455K, committed 7552K, reserved 1048576K
Event: 36.138 GC heap after
Heap after GC invocations=19 (full 2):
 PSYoungGen      total 136704K, used 10728K [0x00000000e0000000, 0x00000000ebf80000, 0x0000000100000000)
  eden space 125952K, 0% used [0x00000000e0000000,0x00000000e0000000,0x00000000e7b00000)
  from space 10752K, 99% used [0x00000000e7b00000,0x00000000e857a320,0x00000000e8580000)
  to   space 19456K, 0% used [0x00000000eac80000,0x00000000eac80000,0x00000000ebf80000)
 ParOldGen       total 46080K, used 46055K [0x00000000a0000000, 0x00000000a2d00000, 0x00000000e0000000)
  object space 46080K, 99% used [0x00000000a0000000,0x00000000a2cf9f08,0x00000000a2d00000)
 Metaspace       used 53588K, capacity 55270K, committed 55424K, reserved 1097728K
  class space    used 7129K, capacity 7455K, committed 7552K, reserved 1048576K
}
Event: 36.138 GC heap before
{Heap before GC invocations=20 (full 3):
 PSYoungGen      total 136704K, used 10728K [0x00000000e0000000, 0x00000000ebf80000, 0x0000000100000000)
  eden space 125952K, 0% used [0x00000000e0000000,0x00000000e0000000,0x00000000e7b00000)
  from space 10752K, 99% used [0x00000000e7b00000,0x00000000e857a320,0x00000000e8580000)
  to   space 19456K, 0% used [0x00000000eac80000,0x00000000eac80000,0x00000000ebf80000)
 ParOldGen       total 46080K, used 46055K [0x00000000a0000000, 0x00000000a2d00000, 0x00000000e0000000)
  object space 46080K, 99% used [0x00000000a0000000,0x00000000a2cf9f08,0x00000000a2d00000)
 Metaspace       used 53588K, capacity 55270K, committed 55424K, reserved 1097728K
  class space    used 7129K, capacity 7455K, committed 7552K, reserved 1048576K
Event: 36.788 GC heap after
Heap after GC invocations=20 (full 3):
 PSYoungGen      total 136704K, used 7570K [0x00000000e0000000, 0x00000000ebf80000, 0x0000000100000000)
  eden space 125952K, 0% used [0x00000000e0000000,0x00000000e0000000,0x00000000e7b00000)
  from space 10752K, 70% used [0x00000000e7b00000,0x00000000e8264a90,0x00000000e8580000)
  to   space 19456K, 0% used [0x00000000eac80000,0x00000000eac80000,0x00000000ebf80000)
 ParOldGen       total 94208K, used 45899K [0x00000000a0000000, 0x00000000a5c00000, 0x00000000e0000000)
  object space 94208K, 48% used [0x00000000a0000000,0x00000000a2cd2c28,0x00000000a5c00000)
 Metaspace       used 53580K, capacity 55246K, committed 55424K, reserved 1097728K
  class space    used 7127K, capacity 7451K, committed 7552K, reserved 1048576K
}
Event: 37.982 GC heap before
{Heap before GC invocations=21 (full 3):
 PSYoungGen      total 136704K, used 133522K [0x00000000e0000000, 0x00000000ebf80000, 0x0000000100000000)
  eden space 125952K, 100% used [0x00000000e0000000,0x00000000e7b00000,0x00000000e7b00000)
  from space 10752K, 70% used [0x00000000e7b00000,0x00000000e8264a90,0x00000000e8580000)
  to   space 19456K, 0% used [0x00000000eac80000,0x00000000eac80000,0x00000000ebf80000)
 ParOldGen       total 94208K, used 45899K [0x00000000a0000000, 0x00000000a5c00000, 0x00000000e0000000)
  object space 94208K, 48% used [0x00000000a0000000,0x00000000a2cd2c28,0x00000000a5c00000)
 Metaspace       used 53665K, capacity 55374K, committed 55680K, reserved 1097728K
  class space    used 7129K, capacity 7451K, committed 7552K, reserved 1048576K
Event: 38.064 GC heap after
Heap after GC invocations=21 (full 3):
 PSYoungGen      total 165888K, used 19432K [0x00000000e0000000, 0x00000000ecc80000, 0x0000000100000000)
  eden space 146432K, 0% used [0x00000000e0000000,0x00000000e0000000,0x00000000e8f00000)
  from space 19456K, 99% used [0x00000000eac80000,0x00000000ebf7a0f8,0x00000000ebf80000)
  to   space 30208K, 0% used [0x00000000e8f00000,0x00000000e8f00000,0x00000000eac80000)
 ParOldGen       total 94208K, used 66307K [0x00000000a0000000, 0x00000000a5c00000, 0x00000000e0000000)
  object space 94208K, 70% used [0x00000000a0000000,0x00000000a40c0ed8,0x00000000a5c00000)
 Metaspace       used 53665K, capacity 55374K, committed 55680K, reserved 1097728K
  class space    used 7129K, capacity 7451K, committed 7552K, reserved 1048576K
}
Event: 40.034 GC heap before
{Heap before GC invocations=22 (full 3):
 PSYoungGen      total 165888K, used 165864K [0x00000000e0000000, 0x00000000ecc80000, 0x0000000100000000)
  eden space 146432K, 100% used [0x00000000e0000000,0x00000000e8f00000,0x00000000e8f00000)
  from space 19456K, 99% used [0x00000000eac80000,0x00000000ebf7a0f8,0x00000000ebf80000)
  to   space 30208K, 0% used [0x00000000e8f00000,0x00000000e8f00000,0x00000000eac80000)
 ParOldGen       total 94208K, used 66307K [0x00000000a0000000, 0x00000000a5c00000, 0x00000000e0000000)
  object space 94208K, 70% used [0x00000000a0000000,0x00000000a40c0ed8,0x00000000a5c00000)
 Metaspace       used 53847K, capacity 55502K, committed 55680K, reserved 1097728K
  class space    used 7131K, capacity 7451K, committed 7552K, reserved 1048576K
Event: 40.146 GC heap after
Heap after GC invocations=22 (full 3):
 PSYoungGen      total 176640K, used 25139K [0x00000000e0000000, 0x00000000eee80000, 0x0000000100000000)
  eden space 146432K, 0% used [0x00000000e0000000,0x00000000e0000000,0x00000000e8f00000)
  from space 30208K, 83% used [0x00000000e8f00000,0x00000000ea78cfc8,0x00000000eac80000)
  to   space 33280K, 0% used [0x00000000ece00000,0x00000000ece00000,0x00000000eee80000)
 ParOldGen       total 94208K, used 78746K [0x00000000a0000000, 0x00000000a5c00000, 0x00000000e0000000)
  object space 94208K, 83% used [0x00000000a0000000,0x00000000a4ce6968,0x00000000a5c00000)
 Metaspace       used 53847K, capacity 55502K, committed 55680K, reserved 1097728K
  class space    used 7131K, capacity 7451K, committed 7552K, reserved 1048576K
}
Event: 40.146 GC heap before
{Heap before GC invocations=23 (full 4):
 PSYoungGen      total 176640K, used 25139K [0x00000000e0000000, 0x00000000eee80000, 0x0000000100000000)
  eden space 146432K, 0% used [0x00000000e0000000,0x00000000e0000000,0x00000000e8f00000)
  from space 30208K, 83% used [0x00000000e8f00000,0x00000000ea78cfc8,0x00000000eac80000)
  to   space 33280K, 0% used [0x00000000ece00000,0x00000000ece00000,0x00000000eee80000)
 ParOldGen       total 94208K, used 78746K [0x00000000a0000000, 0x00000000a5c00000, 0x00000000e0000000)
  object space 94208K, 83% used [0x00000000a0000000,0x00000000a4ce6968,0x00000000a5c00000)
 Metaspace       used 53847K, capacity 55502K, committed 55680K, reserved 1097728K
  class space    used 7131K, capacity 7451K, committed 7552K, reserved 1048576K
Event: 40.451 GC heap after
Heap after GC invocations=23 (full 4):
 PSYoungGen      total 176640K, used 0K [0x00000000e0000000, 0x00000000eee80000, 0x0000000100000000)
  eden space 146432K, 0% used [0x00000000e0000000,0x00000000e0000000,0x00000000e8f00000)
  from space 30208K, 0% used [0x00000000e8f00000,0x00000000e8f00000,0x00000000eac80000)
  to   space 33280K, 0% used [0x00000000ece00000,0x00000000ece00000,0x00000000eee80000)
 ParOldGen       total 115712K, used 47930K [0x00000000a0000000, 0x00000000a7100000, 0x00000000e0000000)
  object space 115712K, 41% used [0x00000000a0000000,0x00000000a2eceb28,0x00000000a7100000)
 Metaspace       used 53847K, capacity 55502K, committed 55680K, reserved 1097728K
  class space    used 7131K, capacity 7451K, committed 7552K, reserved 1048576K
}

