# JRE version: OpenJDK Runtime Environment (8.0_112-b06) (build 1.8.0_112-release-b06)
# Java VM: OpenJDK 64-Bit Server VM (25.112-b06 mixed mode windows-amd64 compressed oops)
Heap:
 PSYoungGen      total 138240K, used 35040K [0x00000000e0000000, 0x00000000ea700000, 0x0000000100000000)
  eden space 124928K, 17% used [0x00000000e0000000,0x00000000e153df00,0x00000000e7a00000)
  from space 13312K, 99% used [0x00000000e8d80000,0x00000000e9a7a118,0x00000000e9a80000)
  to   space 19968K, 0% used [0x00000000e7a00000,0x00000000e7a00000,0x00000000e8d80000)
 ParOldGen       total 53760K, used 37772K [0x00000000a0000000, 0x00000000a3480000, 0x00000000e0000000)
  object space 53760K, 70% used [0x00000000a0000000,0x00000000a24e32e0,0x00000000a3480000)
 Metaspace       used 53534K, capacity 55184K, committed 55424K, reserved 1097728K
  class space    used 7129K, capacity 7452K, committed 7552K, reserved 1048576K
GC Heap History (10 events):
Event: 14.025 GC heap before
{Heap before GC invocations=14 (full 2):
 PSYoungGen      total 83968K, used 5515K [0x00000000e0000000, 0x00000000e6380000, 0x0000000100000000)
  eden space 74240K, 0% used [0x00000000e0000000,0x00000000e0000000,0x00000000e4880000)
  from space 9728K, 56% used [0x00000000e5180000,0x00000000e56e2f30,0x00000000e5b00000)
  to   space 9216K, 0% used [0x00000000e4880000,0x00000000e4880000,0x00000000e5180000)
 ParOldGen       total 38912K, used 14607K [0x00000000a0000000, 0x00000000a2600000, 0x00000000e0000000)
  object space 38912K, 37% used [0x00000000a0000000,0x00000000a0e43e38,0x00000000a2600000)
 Metaspace       used 34747K, capacity 35350K, committed 35496K, reserved 1079296K
  class space    used 4628K, capacity 4816K, committed 4864K, reserved 1048576K
Event: 14.157 GC heap after
Heap after GC invocations=14 (full 2):
 PSYoungGen      total 83968K, used 0K [0x00000000e0000000, 0x00000000e6380000, 0x0000000100000000)
  eden space 74240K, 0% used [0x00000000e0000000,0x00000000e0000000,0x00000000e4880000)
  from space 9728K, 0% used [0x00000000e5180000,0x00000000e5180000,0x00000000e5b00000)
  to   space 9216K, 0% used [0x00000000e4880000,0x00000000e4880000,0x00000000e5180000)
 ParOldGen       total 53760K, used 14300K [0x00000000a0000000, 0x00000000a3480000, 0x00000000e0000000)
  object space 53760K, 26% used [0x00000000a0000000,0x00000000a0df72d8,0x00000000a3480000)
 Metaspace       used 34747K, capacity 35350K, committed 35496K, reserved 1079296K
  class space    used 4628K, capacity 4816K, committed 4864K, reserved 1048576K
}
Event: 15.996 GC heap before
{Heap before GC invocations=15 (full 2):
 PSYoungGen      total 83968K, used 74240K [0x00000000e0000000, 0x00000000e6380000, 0x0000000100000000)
  eden space 74240K, 100% used [0x00000000e0000000,0x00000000e4880000,0x00000000e4880000)
  from space 9728K, 0% used [0x00000000e5180000,0x00000000e5180000,0x00000000e5b00000)
  to   space 9216K, 0% used [0x00000000e4880000,0x00000000e4880000,0x00000000e5180000)
 ParOldGen       total 53760K, used 14300K [0x00000000a0000000, 0x00000000a3480000, 0x00000000e0000000)
  object space 53760K, 26% used [0x00000000a0000000,0x00000000a0df72d8,0x00000000a3480000)
 Metaspace       used 42047K, capacity 42734K, committed 43008K, reserved 1087488K
  class space    used 5635K, capacity 5837K, committed 5888K, reserved 1048576K
Event: 16.025 GC heap after
Heap after GC invocations=15 (full 2):
 PSYoungGen      total 83456K, used 8665K [0x00000000e0000000, 0x00000000e7780000, 0x0000000100000000)
  eden space 74240K, 0% used [0x00000000e0000000,0x00000000e0000000,0x00000000e4880000)
  from space 9216K, 94% used [0x00000000e4880000,0x00000000e50f6440,0x00000000e5180000)
  to   space 10240K, 0% used [0x00000000e6d80000,0x00000000e6d80000,0x00000000e7780000)
 ParOldGen       total 53760K, used 14308K [0x00000000a0000000, 0x00000000a3480000, 0x00000000e0000000)
  object space 53760K, 26% used [0x00000000a0000000,0x00000000a0df92d8,0x00000000a3480000)
 Metaspace       used 42047K, capacity 42734K, committed 43008K, reserved 1087488K
  class space    used 5635K, capacity 5837K, committed 5888K, reserved 1048576K
}
Event: 17.848 GC heap before
{Heap before GC invocations=16 (full 2):
 PSYoungGen      total 83456K, used 82905K [0x00000000e0000000, 0x00000000e7780000, 0x0000000100000000)
  eden space 74240K, 100% used [0x00000000e0000000,0x00000000e4880000,0x00000000e4880000)
  from space 9216K, 94% used [0x00000000e4880000,0x00000000e50f6440,0x00000000e5180000)
  to   space 10240K, 0% used [0x00000000e6d80000,0x00000000e6d80000,0x00000000e7780000)
 ParOldGen       total 53760K, used 14308K [0x00000000a0000000, 0x00000000a3480000, 0x00000000e0000000)
  object space 53760K, 26% used [0x00000000a0000000,0x00000000a0df92d8,0x00000000a3480000)
 Metaspace       used 44836K, capacity 45854K, committed 45952K, reserved 1089536K
  class space    used 6002K, capacity 6265K, committed 6272K, reserved 1048576K
Event: 17.869 GC heap after
Heap after GC invocations=16 (full 2):
 PSYoungGen      total 110080K, used 10239K [0x00000000e0000000, 0x00000000e7980000, 0x0000000100000000)
  eden space 99840K, 0% used [0x00000000e0000000,0x00000000e0000000,0x00000000e6180000)
  from space 10240K, 99% used [0x00000000e6d80000,0x00000000e777fef8,0x00000000e7780000)
  to   space 12288K, 0% used [0x00000000e6180000,0x00000000e6180000,0x00000000e6d80000)
 ParOldGen       total 53760K, used 16184K [0x00000000a0000000, 0x00000000a3480000, 0x00000000e0000000)
  object space 53760K, 30% used [0x00000000a0000000,0x00000000a0fce220,0x00000000a3480000)
 Metaspace       used 44836K, capacity 45854K, committed 45952K, reserved 1089536K
  class space    used 6002K, capacity 6265K, committed 6272K, reserved 1048576K
}
Event: 21.178 GC heap before
{Heap before GC invocations=17 (full 2):
 PSYoungGen      total 110080K, used 110079K [0x00000000e0000000, 0x00000000e7980000, 0x0000000100000000)
  eden space 99840K, 100% used [0x00000000e0000000,0x00000000e6180000,0x00000000e6180000)
  from space 10240K, 99% used [0x00000000e6d80000,0x00000000e777fef8,0x00000000e7780000)
  to   space 12288K, 0% used [0x00000000e6180000,0x00000000e6180000,0x00000000e6d80000)
 ParOldGen       total 53760K, used 16184K [0x00000000a0000000, 0x00000000a3480000, 0x00000000e0000000)
  object space 53760K, 30% used [0x00000000a0000000,0x00000000a0fce220,0x00000000a3480000)
 Metaspace       used 50389K, capacity 51956K, committed 51968K, reserved 1093632K
  class space    used 6826K, capacity 7168K, committed 7168K, reserved 1048576K
Event: 21.220 GC heap after
Heap after GC invocations=17 (full 2):
 PSYoungGen      total 112128K, used 10399K [0x00000000e0000000, 0x00000000e9a80000, 0x0000000100000000)
  eden space 99840K, 0% used [0x00000000e0000000,0x00000000e0000000,0x00000000e6180000)
  from space 12288K, 84% used [0x00000000e6180000,0x00000000e6ba7d58,0x00000000e6d80000)
  to   space 13312K, 0% used [0x00000000e8d80000,0x00000000e8d80000,0x00000000e9a80000)
 ParOldGen       total 53760K, used 25006K [0x00000000a0000000, 0x00000000a3480000, 0x00000000e0000000)
  object space 53760K, 46% used [0x00000000a0000000,0x00000000a186b930,0x00000000a3480000)
 Metaspace       used 50389K, capacity 51956K, committed 51968K, reserved 1093632K
  class space    used 6826K, capacity 7168K, committed 7168K, reserved 1048576K
}
Event: 24.202 GC heap before
{Heap before GC invocations=18 (full 2):
 PSYoungGen      total 112128K, used 110239K [0x00000000e0000000, 0x00000000e9a80000, 0x0000000100000000)
  eden space 99840K, 100% used [0x00000000e0000000,0x00000000e6180000,0x00000000e6180000)
  from space 12288K, 84% used [0x00000000e6180000,0x00000000e6ba7d58,0x00000000e6d80000)
  to   space 13312K, 0% used [0x00000000e8d80000,0x00000000e8d80000,0x00000000e9a80000)
 ParOldGen       total 53760K, used 25006K [0x00000000a0000000, 0x00000000a3480000, 0x00000000e0000000)
  object space 53760K, 46% used [0x00000000a0000000,0x00000000a186b930,0x00000000a3480000)
 Metaspace       used 53521K, capacity 55184K, committed 55424K, reserved 1097728K
  class space    used 7128K, capacity 7452K, committed 7552K, reserved 1048576K
Event: 24.270 GC heap after
Heap after GC invocations=18 (full 2):
 PSYoungGen      total 138240K, used 13288K [0x00000000e0000000, 0x00000000ea700000, 0x0000000100000000)
  eden space 124928K, 0% used [0x00000000e0000000,0x00000000e0000000,0x00000000e7a00000)
  from space 13312K, 99% used [0x00000000e8d80000,0x00000000e9a7a118,0x00000000e9a80000)
  to   space 19968K, 0% used [0x00000000e7a00000,0x00000000e7a00000,0x00000000e8d80000)
 ParOldGen       total 53760K, used 37772K [0x00000000a0000000, 0x00000000a3480000, 0x00000000e0000000)
  object space 53760K, 70% used [0x00000000a0000000,0x00000000a24e32e0,0x00000000a3480000)
 Metaspace       used 53521K, capacity 55184K, committed 55424K, reserved 1097728K
  class space    used 7128K, capacity 7452K, committed 7552K, reserved 1048576K
}

