# JRE version: OpenJDK Runtime Environment (8.0_112-b06) (build 1.8.0_112-release-b06)
# Java VM: OpenJDK 64-Bit Server VM (25.112-b06 mixed mode windows-amd64 compressed oops)
Heap:
 PSYoungGen      total 164864K, used 73283K [0x00000000e0000000, 0x00000000ebb80000, 0x0000000100000000)
  eden space 153088K, 40% used [0x00000000e0000000,0x00000000e3c180c0,0x00000000e9580000)
  from space 11776K, 99% used [0x00000000ea600000,0x00000000eb178ba0,0x00000000eb180000)
  to   space 16896K, 0% used [0x00000000e9580000,0x00000000e9580000,0x00000000ea600000)
 ParOldGen       total 108544K, used 46354K [0x00000000a0000000, 0x00000000a6a00000, 0x00000000e0000000)
  object space 108544K, 42% used [0x00000000a0000000,0x00000000a2d44b58,0x00000000a6a00000)
 Metaspace       used 70135K, capacity 73334K, committed 73472K, reserved 1114112K
  class space    used 9085K, capacity 9691K, committed 9728K, reserved 1048576K
GC Heap History (10 events):
Event: 33.407 GC heap before
{Heap before GC invocations=19 (full 3):
 PSYoungGen      total 158208K, used 8044K [0x00000000e0000000, 0x00000000eb080000, 0x0000000100000000)
  eden space 145920K, 0% used [0x00000000e0000000,0x00000000e0000000,0x00000000e8e80000)
  from space 12288K, 65% used [0x00000000ea480000,0x00000000eac5b1c8,0x00000000eb080000)
  to   space 17408K, 0% used [0x00000000e8e80000,0x00000000e8e80000,0x00000000e9f80000)
 ParOldGen       total 57344K, used 49518K [0x00000000a0000000, 0x00000000a3800000, 0x00000000e0000000)
  object space 57344K, 86% used [0x00000000a0000000,0x00000000a305b808,0x00000000a3800000)
 Metaspace       used 56614K, capacity 58946K, committed 59028K, reserved 1099776K
  class space    used 7645K, capacity 8149K, committed 8192K, reserved 1048576K
Event: 34.061 GC heap after
Heap after GC invocations=19 (full 3):
 PSYoungGen      total 158208K, used 0K [0x00000000e0000000, 0x00000000eb080000, 0x0000000100000000)
  eden space 145920K, 0% used [0x00000000e0000000,0x00000000e0000000,0x00000000e8e80000)
  from space 12288K, 0% used [0x00000000ea480000,0x00000000ea480000,0x00000000eb080000)
  to   space 17408K, 0% used [0x00000000e8e80000,0x00000000e8e80000,0x00000000e9f80000)
 ParOldGen       total 108544K, used 45667K [0x00000000a0000000, 0x00000000a6a00000, 0x00000000e0000000)
  object space 108544K, 42% used [0x00000000a0000000,0x00000000a2c98ea0,0x00000000a6a00000)
 Metaspace       used 56614K, capacity 58946K, committed 59028K, reserved 1099776K
  class space    used 7645K, capacity 8149K, committed 8192K, reserved 1048576K
}
Event: 99.131 GC heap before
{Heap before GC invocations=20 (full 3):
 PSYoungGen      total 158208K, used 145920K [0x00000000e0000000, 0x00000000eb080000, 0x0000000100000000)
  eden space 145920K, 100% used [0x00000000e0000000,0x00000000e8e80000,0x00000000e8e80000)
  from space 12288K, 0% used [0x00000000ea480000,0x00000000ea480000,0x00000000eb080000)
  to   space 17408K, 0% used [0x00000000e8e80000,0x00000000e8e80000,0x00000000e9f80000)
 ParOldGen       total 108544K, used 45667K [0x00000000a0000000, 0x00000000a6a00000, 0x00000000e0000000)
  object space 108544K, 42% used [0x00000000a0000000,0x00000000a2c98ea0,0x00000000a6a00000)
 Metaspace       used 58414K, capacity 61018K, committed 61184K, reserved 1101824K
  class space    used 7862K, capacity 8387K, committed 8448K, reserved 1048576K
Event: 99.164 GC heap after
Heap after GC invocations=20 (full 3):
 PSYoungGen      total 163328K, used 7937K [0x00000000e0000000, 0x00000000ec100000, 0x0000000100000000)
  eden space 145920K, 0% used [0x00000000e0000000,0x00000000e0000000,0x00000000e8e80000)
  from space 17408K, 45% used [0x00000000e8e80000,0x00000000e96404e0,0x00000000e9f80000)
  to   space 16384K, 0% used [0x00000000eb100000,0x00000000eb100000,0x00000000ec100000)
 ParOldGen       total 108544K, used 45675K [0x00000000a0000000, 0x00000000a6a00000, 0x00000000e0000000)
  object space 108544K, 42% used [0x00000000a0000000,0x00000000a2c9aea0,0x00000000a6a00000)
 Metaspace       used 58414K, capacity 61018K, committed 61184K, reserved 1101824K
  class space    used 7862K, capacity 8387K, committed 8448K, reserved 1048576K
}
Event: 1659.792 GC heap before
{Heap before GC invocations=21 (full 3):
 PSYoungGen      total 163328K, used 153857K [0x00000000e0000000, 0x00000000ec100000, 0x0000000100000000)
  eden space 145920K, 100% used [0x00000000e0000000,0x00000000e8e80000,0x00000000e8e80000)
  from space 17408K, 45% used [0x00000000e8e80000,0x00000000e96404e0,0x00000000e9f80000)
  to   space 16384K, 0% used [0x00000000eb100000,0x00000000eb100000,0x00000000ec100000)
 ParOldGen       total 108544K, used 45675K [0x00000000a0000000, 0x00000000a6a00000, 0x00000000e0000000)
  object space 108544K, 42% used [0x00000000a0000000,0x00000000a2c9aea0,0x00000000a6a00000)
 Metaspace       used 59804K, capacity 62590K, committed 62848K, reserved 1103872K
  class space    used 7990K, capacity 8567K, committed 8576K, reserved 1048576K
Event: 1659.935 GC heap after
Heap after GC invocations=21 (full 3):
 PSYoungGen      total 151040K, used 9913K [0x00000000e0000000, 0x00000000ebb00000, 0x0000000100000000)
  eden space 140800K, 0% used [0x00000000e0000000,0x00000000e0000000,0x00000000e8980000)
  from space 10240K, 96% used [0x00000000eb100000,0x00000000ebaae750,0x00000000ebb00000)
  to   space 16384K, 0% used [0x00000000e9b00000,0x00000000e9b00000,0x00000000eab00000)
 ParOldGen       total 108544K, used 45683K [0x00000000a0000000, 0x00000000a6a00000, 0x00000000e0000000)
  object space 108544K, 42% used [0x00000000a0000000,0x00000000a2c9cea0,0x00000000a6a00000)
 Metaspace       used 59804K, capacity 62590K, committed 62848K, reserved 1103872K
  class space    used 7990K, capacity 8567K, committed 8576K, reserved 1048576K
}
Event: 1676.584 GC heap before
{Heap before GC invocations=22 (full 3):
 PSYoungGen      total 151040K, used 150713K [0x00000000e0000000, 0x00000000ebb00000, 0x0000000100000000)
  eden space 140800K, 100% used [0x00000000e0000000,0x00000000e8980000,0x00000000e8980000)
  from space 10240K, 96% used [0x00000000eb100000,0x00000000ebaae750,0x00000000ebb00000)
  to   space 16384K, 0% used [0x00000000e9b00000,0x00000000e9b00000,0x00000000eab00000)
 ParOldGen       total 108544K, used 45683K [0x00000000a0000000, 0x00000000a6a00000, 0x00000000e0000000)
  object space 108544K, 42% used [0x00000000a0000000,0x00000000a2c9cea0,0x00000000a6a00000)
 Metaspace       used 65926K, capacity 68876K, committed 69248K, reserved 1110016K
  class space    used 8648K, capacity 9221K, committed 9344K, reserved 1048576K
Event: 1676.701 GC heap after
Heap after GC invocations=22 (full 3):
 PSYoungGen      total 146944K, used 10939K [0x00000000e0000000, 0x00000000eb180000, 0x0000000100000000)
  eden space 135680K, 0% used [0x00000000e0000000,0x00000000e0000000,0x00000000e8480000)
  from space 11264K, 97% used [0x00000000e9b00000,0x00000000ea5aec60,0x00000000ea600000)
  to   space 11776K, 0% used [0x00000000ea600000,0x00000000ea600000,0x00000000eb180000)
 ParOldGen       total 108544K, used 45691K [0x00000000a0000000, 0x00000000a6a00000, 0x00000000e0000000)
  object space 108544K, 42% used [0x00000000a0000000,0x00000000a2c9eea0,0x00000000a6a00000)
 Metaspace       used 65926K, capacity 68876K, committed 69248K, reserved 1110016K
  class space    used 8648K, capacity 9221K, committed 9344K, reserved 1048576K
}
Event: 1678.683 GC heap before
{Heap before GC invocations=23 (full 3):
 PSYoungGen      total 146944K, used 146619K [0x00000000e0000000, 0x00000000eb180000, 0x0000000100000000)
  eden space 135680K, 100% used [0x00000000e0000000,0x00000000e8480000,0x00000000e8480000)
  from space 11264K, 97% used [0x00000000e9b00000,0x00000000ea5aec60,0x00000000ea600000)
  to   space 11776K, 0% used [0x00000000ea600000,0x00000000ea600000,0x00000000eb180000)
 ParOldGen       total 108544K, used 45691K [0x00000000a0000000, 0x00000000a6a00000, 0x00000000e0000000)
  object space 108544K, 42% used [0x00000000a0000000,0x00000000a2c9eea0,0x00000000a6a00000)
 Metaspace       used 67728K, capacity 70808K, committed 70912K, reserved 1110016K
  class space    used 8867K, capacity 9455K, committed 9472K, reserved 1048576K
Event: 1678.757 GC heap after
Heap after GC invocations=23 (full 3):
 PSYoungGen      total 164864K, used 11746K [0x00000000e0000000, 0x00000000ebb80000, 0x0000000100000000)
  eden space 153088K, 0% used [0x00000000e0000000,0x00000000e0000000,0x00000000e9580000)
  from space 11776K, 99% used [0x00000000ea600000,0x00000000eb178ba0,0x00000000eb180000)
  to   space 16896K, 0% used [0x00000000e9580000,0x00000000e9580000,0x00000000ea600000)
 ParOldGen       total 108544K, used 46354K [0x00000000a0000000, 0x00000000a6a00000, 0x00000000e0000000)
  object space 108544K, 42% used [0x00000000a0000000,0x00000000a2d44b58,0x00000000a6a00000)
 Metaspace       used 67728K, capacity 70808K, committed 70912K, reserved 1110016K
  class space    used 8867K, capacity 9455K, committed 9472K, reserved 1048576K
}

