# JRE version: OpenJDK Runtime Environment (8.0_112-b06) (build 1.8.0_112-release-b06)
# Java VM: OpenJDK 64-Bit Server VM (25.112-b06 mixed mode windows-amd64 compressed oops)
Heap:
 PSYoungGen      total 246272K, used 24389K [0x00000000e0000000, 0x00000000f1080000, 0x0000000100000000)
  eden space 223744K, 8% used [0x00000000e0000000,0x00000000e12accb8,0x00000000eda80000)
  from space 22528K, 23% used [0x00000000efa80000,0x00000000effa4870,0x00000000f1080000)
  to   space 27648K, 0% used [0x00000000eda80000,0x00000000eda80000,0x00000000ef580000)
 ParOldGen       total 92672K, used 60480K [0x00000000a0000000, 0x00000000a5a80000, 0x00000000e0000000)
  object space 92672K, 65% used [0x00000000a0000000,0x00000000a3b10370,0x00000000a5a80000)
 Metaspace       used 73329K, capacity 76978K, committed 77144K, reserved 1116160K
  class space    used 9385K, capacity 10041K, committed 10072K, reserved 1048576K
GC Heap History (10 events):
Event: 2317.182 GC heap before
{Heap before GC invocations=25 (full 3):
 PSYoungGen      total 205312K, used 198199K [0x00000000e0000000, 0x00000000f1600000, 0x0000000100000000)
  eden space 178688K, 100% used [0x00000000e0000000,0x00000000eae80000,0x00000000eae80000)
  from space 26624K, 73% used [0x00000000eae80000,0x00000000ec18de70,0x00000000ec880000)
  to   space 28160K, 0% used [0x00000000efa80000,0x00000000efa80000,0x00000000f1600000)
 ParOldGen       total 92672K, used 41335K [0x00000000a0000000, 0x00000000a5a80000, 0x00000000e0000000)
  object space 92672K, 44% used [0x00000000a0000000,0x00000000a285dc78,0x00000000a5a80000)
 Metaspace       used 71191K, capacity 74562K, committed 74712K, reserved 1114112K
  class space    used 9240K, capacity 9878K, committed 9944K, reserved 1048576K
Event: 2317.444 GC heap after
Heap after GC invocations=25 (full 3):
 PSYoungGen      total 246272K, used 6296K [0x00000000e0000000, 0x00000000f1080000, 0x0000000100000000)
  eden space 223744K, 0% used [0x00000000e0000000,0x00000000e0000000,0x00000000eda80000)
  from space 22528K, 27% used [0x00000000efa80000,0x00000000f00a6010,0x00000000f1080000)
  to   space 27648K, 0% used [0x00000000eda80000,0x00000000eda80000,0x00000000ef580000)
 ParOldGen       total 92672K, used 48159K [0x00000000a0000000, 0x00000000a5a80000, 0x00000000e0000000)
  object space 92672K, 51% used [0x00000000a0000000,0x00000000a2f07cc0,0x00000000a5a80000)
 Metaspace       used 71191K, capacity 74562K, committed 74712K, reserved 1114112K
  class space    used 9240K, capacity 9878K, committed 9944K, reserved 1048576K
}
Event: 3323.868 GC heap before
{Heap before GC invocations=26 (full 3):
 PSYoungGen      total 246272K, used 230040K [0x00000000e0000000, 0x00000000f1080000, 0x0000000100000000)
  eden space 223744K, 100% used [0x00000000e0000000,0x00000000eda80000,0x00000000eda80000)
  from space 22528K, 27% used [0x00000000efa80000,0x00000000f00a6010,0x00000000f1080000)
  to   space 27648K, 0% used [0x00000000eda80000,0x00000000eda80000,0x00000000ef580000)
 ParOldGen       total 92672K, used 48159K [0x00000000a0000000, 0x00000000a5a80000, 0x00000000e0000000)
  object space 92672K, 51% used [0x00000000a0000000,0x00000000a2f07cc0,0x00000000a5a80000)
 Metaspace       used 71725K, capacity 75300K, committed 75480K, reserved 1114112K
  class space    used 9272K, capacity 9929K, committed 9944K, reserved 1048576K
Event: 3324.358 GC heap after
Heap after GC invocations=26 (full 3):
 PSYoungGen      total 251392K, used 1648K [0x00000000e0000000, 0x00000000f1080000, 0x0000000100000000)
  eden space 223744K, 0% used [0x00000000e0000000,0x00000000e0000000,0x00000000eda80000)
  from space 27648K, 5% used [0x00000000eda80000,0x00000000edc1c260,0x00000000ef580000)
  to   space 22528K, 0% used [0x00000000efa80000,0x00000000efa80000,0x00000000f1080000)
 ParOldGen       total 92672K, used 52172K [0x00000000a0000000, 0x00000000a5a80000, 0x00000000e0000000)
  object space 92672K, 56% used [0x00000000a0000000,0x00000000a32f3140,0x00000000a5a80000)
 Metaspace       used 71725K, capacity 75300K, committed 75480K, reserved 1114112K
  class space    used 9272K, capacity 9929K, committed 9944K, reserved 1048576K
}
Event: 3339.889 GC heap before
{Heap before GC invocations=27 (full 3):
 PSYoungGen      total 251392K, used 224532K [0x00000000e0000000, 0x00000000f1080000, 0x0000000100000000)
  eden space 223744K, 99% used [0x00000000e0000000,0x00000000ed9a8e68,0x00000000eda80000)
  from space 27648K, 5% used [0x00000000eda80000,0x00000000edc1c260,0x00000000ef580000)
  to   space 22528K, 0% used [0x00000000efa80000,0x00000000efa80000,0x00000000f1080000)
 ParOldGen       total 92672K, used 52172K [0x00000000a0000000, 0x00000000a5a80000, 0x00000000e0000000)
  object space 92672K, 56% used [0x00000000a0000000,0x00000000a32f3140,0x00000000a5a80000)
 Metaspace       used 72944K, capacity 76542K, committed 76632K, reserved 1116160K
  class space    used 9366K, capacity 10032K, committed 10072K, reserved 1048576K
Event: 3339.915 GC heap after
Heap after GC invocations=27 (full 3):
 PSYoungGen      total 246272K, used 6146K [0x00000000e0000000, 0x00000000f1080000, 0x0000000100000000)
  eden space 223744K, 0% used [0x00000000e0000000,0x00000000e0000000,0x00000000eda80000)
  from space 22528K, 27% used [0x00000000efa80000,0x00000000f0080b98,0x00000000f1080000)
  to   space 27648K, 0% used [0x00000000eda80000,0x00000000eda80000,0x00000000ef580000)
 ParOldGen       total 92672K, used 53084K [0x00000000a0000000, 0x00000000a5a80000, 0x00000000e0000000)
  object space 92672K, 57% used [0x00000000a0000000,0x00000000a33d71e8,0x00000000a5a80000)
 Metaspace       used 72944K, capacity 76542K, committed 76632K, reserved 1116160K
  class space    used 9366K, capacity 10032K, committed 10072K, reserved 1048576K
}
Event: 3342.867 GC heap before
{Heap before GC invocations=28 (full 3):
 PSYoungGen      total 246272K, used 229890K [0x00000000e0000000, 0x00000000f1080000, 0x0000000100000000)
  eden space 223744K, 100% used [0x00000000e0000000,0x00000000eda80000,0x00000000eda80000)
  from space 22528K, 27% used [0x00000000efa80000,0x00000000f0080b98,0x00000000f1080000)
  to   space 27648K, 0% used [0x00000000eda80000,0x00000000eda80000,0x00000000ef580000)
 ParOldGen       total 92672K, used 53084K [0x00000000a0000000, 0x00000000a5a80000, 0x00000000e0000000)
  object space 92672K, 57% used [0x00000000a0000000,0x00000000a33d71e8,0x00000000a5a80000)
 Metaspace       used 73246K, capacity 76914K, committed 77144K, reserved 1116160K
  class space    used 9383K, capacity 10041K, committed 10072K, reserved 1048576K
Event: 3342.937 GC heap after
Heap after GC invocations=28 (full 3):
 PSYoungGen      total 251392K, used 24876K [0x00000000e0000000, 0x00000000f1080000, 0x0000000100000000)
  eden space 223744K, 0% used [0x00000000e0000000,0x00000000e0000000,0x00000000eda80000)
  from space 27648K, 89% used [0x00000000eda80000,0x00000000ef2cb2c0,0x00000000ef580000)
  to   space 22528K, 0% used [0x00000000efa80000,0x00000000efa80000,0x00000000f1080000)
 ParOldGen       total 92672K, used 57376K [0x00000000a0000000, 0x00000000a5a80000, 0x00000000e0000000)
  object space 92672K, 61% used [0x00000000a0000000,0x00000000a3808208,0x00000000a5a80000)
 Metaspace       used 73246K, capacity 76914K, committed 77144K, reserved 1116160K
  class space    used 9383K, capacity 10041K, committed 10072K, reserved 1048576K
}
Event: 3344.600 GC heap before
{Heap before GC invocations=29 (full 3):
 PSYoungGen      total 251392K, used 248620K [0x00000000e0000000, 0x00000000f1080000, 0x0000000100000000)
  eden space 223744K, 100% used [0x00000000e0000000,0x00000000eda80000,0x00000000eda80000)
  from space 27648K, 89% used [0x00000000eda80000,0x00000000ef2cb2c0,0x00000000ef580000)
  to   space 22528K, 0% used [0x00000000efa80000,0x00000000efa80000,0x00000000f1080000)
 ParOldGen       total 92672K, used 57376K [0x00000000a0000000, 0x00000000a5a80000, 0x00000000e0000000)
  object space 92672K, 61% used [0x00000000a0000000,0x00000000a3808208,0x00000000a5a80000)
 Metaspace       used 73314K, capacity 76978K, committed 77144K, reserved 1116160K
  class space    used 9385K, capacity 10041K, committed 10072K, reserved 1048576K
Event: 3344.632 GC heap after
Heap after GC invocations=29 (full 3):
 PSYoungGen      total 246272K, used 5266K [0x00000000e0000000, 0x00000000f1080000, 0x0000000100000000)
  eden space 223744K, 0% used [0x00000000e0000000,0x00000000e0000000,0x00000000eda80000)
  from space 22528K, 23% used [0x00000000efa80000,0x00000000effa4870,0x00000000f1080000)
  to   space 27648K, 0% used [0x00000000eda80000,0x00000000eda80000,0x00000000ef580000)
 ParOldGen       total 92672K, used 60480K [0x00000000a0000000, 0x00000000a5a80000, 0x00000000e0000000)
  object space 92672K, 65% used [0x00000000a0000000,0x00000000a3b10370,0x00000000a5a80000)
 Metaspace       used 73314K, capacity 76978K, committed 77144K, reserved 1116160K
  class space    used 9385K, capacity 10041K, committed 10072K, reserved 1048576K
}

