# JRE version: OpenJDK Runtime Environment (8.0_112-b06) (build 1.8.0_112-release-b06)
# Java VM: OpenJDK 64-Bit Server VM (25.112-b06 mixed mode windows-amd64 compressed oops)
Heap:
 PSYoungGen      total 143360K, used 104241K [0x00000000e0000000, 0x00000000eaf80000, 0x0000000100000000)
  eden space 130560K, 79% used [0x00000000e0000000,0x00000000e65cc530,0x00000000e7f80000)
  from space 12800K, 0% used [0x00000000e7f80000,0x00000000e7f80000,0x00000000e8c00000)
  to   space 12800K, 0% used [0x00000000ea300000,0x00000000ea300000,0x00000000eaf80000)
 ParOldGen       total 88064K, used 34771K [0x00000000a0000000, 0x00000000a5600000, 0x00000000e0000000)
  object space 88064K, 39% used [0x00000000a0000000,0x00000000a21f4fa0,0x00000000a5600000)
 Metaspace       used 60265K, capacity 61978K, committed 62336K, reserved 1103872K
  class space    used 7836K, capacity 8200K, committed 8320K, reserved 1048576K
GC Heap History (10 events):
Event: 33.120 GC heap before
{Heap before GC invocations=16 (full 2):
 PSYoungGen      total 84992K, used 84786K [0x00000000e0000000, 0x00000000e7b00000, 0x0000000100000000)
  eden space 75776K, 100% used [0x00000000e0000000,0x00000000e4a00000,0x00000000e4a00000)
  from space 9216K, 97% used [0x00000000e4a00000,0x00000000e52ccbc0,0x00000000e5300000)
  to   space 10240K, 0% used [0x00000000e7100000,0x00000000e7100000,0x00000000e7b00000)
 ParOldGen       total 51712K, used 14272K [0x00000000a0000000, 0x00000000a3280000, 0x00000000e0000000)
  object space 51712K, 27% used [0x00000000a0000000,0x00000000a0df0140,0x00000000a3280000)
 Metaspace       used 45059K, capacity 46102K, committed 46336K, reserved 1089536K
  class space    used 6024K, capacity 6275K, committed 6400K, reserved 1048576K
Event: 33.159 GC heap after
Heap after GC invocations=16 (full 2):
 PSYoungGen      total 112640K, used 10227K [0x00000000e0000000, 0x00000000e7c00000, 0x0000000100000000)
  eden space 102400K, 0% used [0x00000000e0000000,0x00000000e0000000,0x00000000e6400000)
  from space 10240K, 99% used [0x00000000e7100000,0x00000000e7afcea0,0x00000000e7b00000)
  to   space 12288K, 0% used [0x00000000e6400000,0x00000000e6400000,0x00000000e7000000)
 ParOldGen       total 51712K, used 16384K [0x00000000a0000000, 0x00000000a3280000, 0x00000000e0000000)
  object space 51712K, 31% used [0x00000000a0000000,0x00000000a1000150,0x00000000a3280000)
 Metaspace       used 45059K, capacity 46102K, committed 46336K, reserved 1089536K
  class space    used 6024K, capacity 6275K, committed 6400K, reserved 1048576K
}
Event: 52.712 GC heap before
{Heap before GC invocations=17 (full 2):
 PSYoungGen      total 112640K, used 112627K [0x00000000e0000000, 0x00000000e7c00000, 0x0000000100000000)
  eden space 102400K, 100% used [0x00000000e0000000,0x00000000e6400000,0x00000000e6400000)
  from space 10240K, 99% used [0x00000000e7100000,0x00000000e7afcea0,0x00000000e7b00000)
  to   space 12288K, 0% used [0x00000000e6400000,0x00000000e6400000,0x00000000e7000000)
 ParOldGen       total 51712K, used 16384K [0x00000000a0000000, 0x00000000a3280000, 0x00000000e0000000)
  object space 51712K, 31% used [0x00000000a0000000,0x00000000a1000150,0x00000000a3280000)
 Metaspace       used 50700K, capacity 52248K, committed 52352K, reserved 1093632K
  class space    used 6855K, capacity 7200K, committed 7296K, reserved 1048576K
Event: 52.792 GC heap after
Heap after GC invocations=17 (full 2):
 PSYoungGen      total 114688K, used 10148K [0x00000000e0000000, 0x00000000e9d80000, 0x0000000100000000)
  eden space 102400K, 0% used [0x00000000e0000000,0x00000000e0000000,0x00000000e6400000)
  from space 12288K, 82% used [0x00000000e6400000,0x00000000e6de90c8,0x00000000e7000000)
  to   space 13312K, 0% used [0x00000000e9080000,0x00000000e9080000,0x00000000e9d80000)
 ParOldGen       total 51712K, used 25558K [0x00000000a0000000, 0x00000000a3280000, 0x00000000e0000000)
  object space 51712K, 49% used [0x00000000a0000000,0x00000000a18f5998,0x00000000a3280000)
 Metaspace       used 50700K, capacity 52248K, committed 52352K, reserved 1093632K
  class space    used 6855K, capacity 7200K, committed 7296K, reserved 1048576K
}
Event: 76.898 GC heap before
{Heap before GC invocations=18 (full 2):
 PSYoungGen      total 114688K, used 112548K [0x00000000e0000000, 0x00000000e9d80000, 0x0000000100000000)
  eden space 102400K, 100% used [0x00000000e0000000,0x00000000e6400000,0x00000000e6400000)
  from space 12288K, 82% used [0x00000000e6400000,0x00000000e6de90c8,0x00000000e7000000)
  to   space 13312K, 0% used [0x00000000e9080000,0x00000000e9080000,0x00000000e9d80000)
 ParOldGen       total 51712K, used 25558K [0x00000000a0000000, 0x00000000a3280000, 0x00000000e0000000)
  object space 51712K, 49% used [0x00000000a0000000,0x00000000a18f5998,0x00000000a3280000)
 Metaspace       used 56594K, capacity 58282K, committed 58624K, reserved 1099776K
  class space    used 7482K, capacity 7818K, committed 7936K, reserved 1048576K
Event: 76.962 GC heap after
Heap after GC invocations=18 (full 2):
 PSYoungGen      total 138752K, used 4651K [0x00000000e0000000, 0x00000000e9880000, 0x0000000100000000)
  eden space 130560K, 0% used [0x00000000e0000000,0x00000000e0000000,0x00000000e7f80000)
  from space 8192K, 56% used [0x00000000e9080000,0x00000000e950ac50,0x00000000e9880000)
  to   space 12800K, 0% used [0x00000000e7f80000,0x00000000e7f80000,0x00000000e8c00000)
 ParOldGen       total 51712K, used 32632K [0x00000000a0000000, 0x00000000a3280000, 0x00000000e0000000)
  object space 51712K, 63% used [0x00000000a0000000,0x00000000a1fde128,0x00000000a3280000)
 Metaspace       used 56594K, capacity 58282K, committed 58624K, reserved 1099776K
  class space    used 7482K, capacity 7818K, committed 7936K, reserved 1048576K
}
Event: 77.948 GC heap before
{Heap before GC invocations=19 (full 2):
 PSYoungGen      total 138752K, used 14792K [0x00000000e0000000, 0x00000000e9880000, 0x0000000100000000)
  eden space 130560K, 7% used [0x00000000e0000000,0x00000000e09e73d0,0x00000000e7f80000)
  from space 8192K, 56% used [0x00000000e9080000,0x00000000e950ac50,0x00000000e9880000)
  to   space 12800K, 0% used [0x00000000e7f80000,0x00000000e7f80000,0x00000000e8c00000)
 ParOldGen       total 51712K, used 32632K [0x00000000a0000000, 0x00000000a3280000, 0x00000000e0000000)
  object space 51712K, 63% used [0x00000000a0000000,0x00000000a1fde128,0x00000000a3280000)
 Metaspace       used 57357K, capacity 59038K, committed 59136K, reserved 1099776K
  class space    used 7574K, capacity 7932K, committed 7936K, reserved 1048576K
Event: 77.973 GC heap after
Heap after GC invocations=19 (full 2):
 PSYoungGen      total 143360K, used 5141K [0x00000000e0000000, 0x00000000eaf80000, 0x0000000100000000)
  eden space 130560K, 0% used [0x00000000e0000000,0x00000000e0000000,0x00000000e7f80000)
  from space 12800K, 40% used [0x00000000e7f80000,0x00000000e84856f0,0x00000000e8c00000)
  to   space 12800K, 0% used [0x00000000ea300000,0x00000000ea300000,0x00000000eaf80000)
 ParOldGen       total 51712K, used 32640K [0x00000000a0000000, 0x00000000a3280000, 0x00000000e0000000)
  object space 51712K, 63% used [0x00000000a0000000,0x00000000a1fe0128,0x00000000a3280000)
 Metaspace       used 57357K, capacity 59038K, committed 59136K, reserved 1099776K
  class space    used 7574K, capacity 7932K, committed 7936K, reserved 1048576K
}
Event: 77.973 GC heap before
{Heap before GC invocations=20 (full 3):
 PSYoungGen      total 143360K, used 5141K [0x00000000e0000000, 0x00000000eaf80000, 0x0000000100000000)
  eden space 130560K, 0% used [0x00000000e0000000,0x00000000e0000000,0x00000000e7f80000)
  from space 12800K, 40% used [0x00000000e7f80000,0x00000000e84856f0,0x00000000e8c00000)
  to   space 12800K, 0% used [0x00000000ea300000,0x00000000ea300000,0x00000000eaf80000)
 ParOldGen       total 51712K, used 32640K [0x00000000a0000000, 0x00000000a3280000, 0x00000000e0000000)
  object space 51712K, 63% used [0x00000000a0000000,0x00000000a1fe0128,0x00000000a3280000)
 Metaspace       used 57357K, capacity 59038K, committed 59136K, reserved 1099776K
  class space    used 7574K, capacity 7932K, committed 7936K, reserved 1048576K
Event: 79.054 GC heap after
Heap after GC invocations=20 (full 3):
 PSYoungGen      total 143360K, used 0K [0x00000000e0000000, 0x00000000eaf80000, 0x0000000100000000)
  eden space 130560K, 0% used [0x00000000e0000000,0x00000000e0000000,0x00000000e7f80000)
  from space 12800K, 0% used [0x00000000e7f80000,0x00000000e7f80000,0x00000000e8c00000)
  to   space 12800K, 0% used [0x00000000ea300000,0x00000000ea300000,0x00000000eaf80000)
 ParOldGen       total 88064K, used 34771K [0x00000000a0000000, 0x00000000a5600000, 0x00000000e0000000)
  object space 88064K, 39% used [0x00000000a0000000,0x00000000a21f4fa0,0x00000000a5600000)
 Metaspace       used 57357K, capacity 59038K, committed 59136K, reserved 1099776K
  class space    used 7574K, capacity 7932K, committed 7936K, reserved 1048576K
}

