# JRE version: OpenJDK Runtime Environment (8.0_112-b06) (build 1.8.0_112-release-b06)
# Java VM: OpenJDK 64-Bit Server VM (25.112-b06 mixed mode windows-amd64 compressed oops)
Heap:
 PSYoungGen      total 109056K, used 35172K [0x00000000e0000000, 0x00000000e7980000, 0x0000000100000000)
  eden space 97792K, 35% used [0x00000000e0000000,0x00000000e2259248,0x00000000e5f80000)
  from space 11264K, 0% used [0x00000000e6b80000,0x00000000e6b80000,0x00000000e7680000)
  to   space 12288K, 0% used [0x00000000e5f80000,0x00000000e5f80000,0x00000000e6b80000)
 ParOldGen       total 86528K, used 36809K [0x00000000a0000000, 0x00000000a5480000, 0x00000000e0000000)
  object space 86528K, 42% used [0x00000000a0000000,0x00000000a23f2790,0x00000000a5480000)
 Metaspace       used 61666K, capacity 63760K, committed 64408K, reserved 1105920K
  class space    used 8061K, capacity 8451K, committed 8616K, reserved 1048576K
GC Heap History (10 events):
Event: 90.262 GC heap before
{Heap before GC invocations=29 (full 2):
 PSYoungGen      total 90624K, used 81024K [0x00000000e0000000, 0x00000000e6500000, 0x0000000100000000)
  eden space 78848K, 100% used [0x00000000e0000000,0x00000000e4d00000,0x00000000e4d00000)
  from space 11776K, 18% used [0x00000000e5900000,0x00000000e5b20300,0x00000000e6480000)
  to   space 12288K, 0% used [0x00000000e4d00000,0x00000000e4d00000,0x00000000e5900000)
 ParOldGen       total 50176K, used 32910K [0x00000000a0000000, 0x00000000a3100000, 0x00000000e0000000)
  object space 50176K, 65% used [0x00000000a0000000,0x00000000a2023aa8,0x00000000a3100000)
 Metaspace       used 54491K, capacity 56544K, committed 56744K, reserved 1097728K
  class space    used 7373K, capacity 7807K, committed 7848K, reserved 1048576K
Event: 90.265 GC heap after
Heap after GC invocations=29 (full 2):
 PSYoungGen      total 91136K, used 965K [0x00000000e0000000, 0x00000000e7100000, 0x0000000100000000)
  eden space 78848K, 0% used [0x00000000e0000000,0x00000000e0000000,0x00000000e4d00000)
  from space 12288K, 7% used [0x00000000e4d00000,0x00000000e4df17e8,0x00000000e5900000)
  to   space 12288K, 0% used [0x00000000e6500000,0x00000000e6500000,0x00000000e7100000)
 ParOldGen       total 50176K, used 33254K [0x00000000a0000000, 0x00000000a3100000, 0x00000000e0000000)
  object space 50176K, 66% used [0x00000000a0000000,0x00000000a2079aa8,0x00000000a3100000)
 Metaspace       used 54491K, capacity 56544K, committed 56744K, reserved 1097728K
  class space    used 7373K, capacity 7807K, committed 7848K, reserved 1048576K
}
Event: 336.844 GC heap before
{Heap before GC invocations=30 (full 2):
 PSYoungGen      total 91136K, used 79813K [0x00000000e0000000, 0x00000000e7100000, 0x0000000100000000)
  eden space 78848K, 100% used [0x00000000e0000000,0x00000000e4d00000,0x00000000e4d00000)
  from space 12288K, 7% used [0x00000000e4d00000,0x00000000e4df17e8,0x00000000e5900000)
  to   space 12288K, 0% used [0x00000000e6500000,0x00000000e6500000,0x00000000e7100000)
 ParOldGen       total 50176K, used 33254K [0x00000000a0000000, 0x00000000a3100000, 0x00000000e0000000)
  object space 50176K, 66% used [0x00000000a0000000,0x00000000a2079aa8,0x00000000a3100000)
 Metaspace       used 55949K, capacity 58118K, committed 58408K, reserved 1099776K
  class space    used 7450K, capacity 7892K, committed 7976K, reserved 1048576K
Event: 336.887 GC heap after
Heap after GC invocations=30 (full 2):
 PSYoungGen      total 98304K, used 5017K [0x00000000e0000000, 0x00000000e6e00000, 0x0000000100000000)
  eden space 89088K, 0% used [0x00000000e0000000,0x00000000e0000000,0x00000000e5700000)
  from space 9216K, 54% used [0x00000000e6500000,0x00000000e69e6570,0x00000000e6e00000)
  to   space 11776K, 0% used [0x00000000e5700000,0x00000000e5700000,0x00000000e6280000)
 ParOldGen       total 50176K, used 33443K [0x00000000a0000000, 0x00000000a3100000, 0x00000000e0000000)
  object space 50176K, 66% used [0x00000000a0000000,0x00000000a20a8c20,0x00000000a3100000)
 Metaspace       used 55949K, capacity 58118K, committed 58408K, reserved 1099776K
  class space    used 7450K, capacity 7892K, committed 7976K, reserved 1048576K
}
Event: 560.161 GC heap before
{Heap before GC invocations=31 (full 2):
 PSYoungGen      total 98304K, used 94105K [0x00000000e0000000, 0x00000000e6e00000, 0x0000000100000000)
  eden space 89088K, 100% used [0x00000000e0000000,0x00000000e5700000,0x00000000e5700000)
  from space 9216K, 54% used [0x00000000e6500000,0x00000000e69e6570,0x00000000e6e00000)
  to   space 11776K, 0% used [0x00000000e5700000,0x00000000e5700000,0x00000000e6280000)
 ParOldGen       total 50176K, used 33443K [0x00000000a0000000, 0x00000000a3100000, 0x00000000e0000000)
  object space 50176K, 66% used [0x00000000a0000000,0x00000000a20a8c20,0x00000000a3100000)
 Metaspace       used 56456K, capacity 58730K, committed 58920K, reserved 1099776K
  class space    used 7470K, capacity 7922K, committed 7976K, reserved 1048576K
Event: 560.200 GC heap after
Heap after GC invocations=31 (full 2):
 PSYoungGen      total 100864K, used 3872K [0x00000000e0000000, 0x00000000e7680000, 0x0000000100000000)
  eden space 89088K, 0% used [0x00000000e0000000,0x00000000e0000000,0x00000000e5700000)
  from space 11776K, 32% used [0x00000000e5700000,0x00000000e5ac8020,0x00000000e6280000)
  to   space 11264K, 0% used [0x00000000e6b80000,0x00000000e6b80000,0x00000000e7680000)
 ParOldGen       total 50176K, used 33451K [0x00000000a0000000, 0x00000000a3100000, 0x00000000e0000000)
  object space 50176K, 66% used [0x00000000a0000000,0x00000000a20aac20,0x00000000a3100000)
 Metaspace       used 56456K, capacity 58730K, committed 58920K, reserved 1099776K
  class space    used 7470K, capacity 7922K, committed 7976K, reserved 1048576K
}
Event: 561.149 GC heap before
{Heap before GC invocations=32 (full 2):
 PSYoungGen      total 100864K, used 31808K [0x00000000e0000000, 0x00000000e7680000, 0x0000000100000000)
  eden space 89088K, 31% used [0x00000000e0000000,0x00000000e1b482c8,0x00000000e5700000)
  from space 11776K, 32% used [0x00000000e5700000,0x00000000e5ac8020,0x00000000e6280000)
  to   space 11264K, 0% used [0x00000000e6b80000,0x00000000e6b80000,0x00000000e7680000)
 ParOldGen       total 50176K, used 33451K [0x00000000a0000000, 0x00000000a3100000, 0x00000000e0000000)
  object space 50176K, 66% used [0x00000000a0000000,0x00000000a20aac20,0x00000000a3100000)
 Metaspace       used 56806K, capacity 59088K, committed 59160K, reserved 1099776K
  class space    used 7522K, capacity 7955K, committed 7976K, reserved 1048576K
Event: 561.165 GC heap after
Heap after GC invocations=32 (full 2):
 PSYoungGen      total 109056K, used 8896K [0x00000000e0000000, 0x00000000e7980000, 0x0000000100000000)
  eden space 97792K, 0% used [0x00000000e0000000,0x00000000e0000000,0x00000000e5f80000)
  from space 11264K, 78% used [0x00000000e6b80000,0x00000000e7430020,0x00000000e7680000)
  to   space 12288K, 0% used [0x00000000e5f80000,0x00000000e5f80000,0x00000000e6b80000)
 ParOldGen       total 50176K, used 33459K [0x00000000a0000000, 0x00000000a3100000, 0x00000000e0000000)
  object space 50176K, 66% used [0x00000000a0000000,0x00000000a20acc20,0x00000000a3100000)
 Metaspace       used 56806K, capacity 59088K, committed 59160K, reserved 1099776K
  class space    used 7522K, capacity 7955K, committed 7976K, reserved 1048576K
}
Event: 561.165 GC heap before
{Heap before GC invocations=33 (full 3):
 PSYoungGen      total 109056K, used 8896K [0x00000000e0000000, 0x00000000e7980000, 0x0000000100000000)
  eden space 97792K, 0% used [0x00000000e0000000,0x00000000e0000000,0x00000000e5f80000)
  from space 11264K, 78% used [0x00000000e6b80000,0x00000000e7430020,0x00000000e7680000)
  to   space 12288K, 0% used [0x00000000e5f80000,0x00000000e5f80000,0x00000000e6b80000)
 ParOldGen       total 50176K, used 33459K [0x00000000a0000000, 0x00000000a3100000, 0x00000000e0000000)
  object space 50176K, 66% used [0x00000000a0000000,0x00000000a20acc20,0x00000000a3100000)
 Metaspace       used 56806K, capacity 59088K, committed 59160K, reserved 1099776K
  class space    used 7522K, capacity 7955K, committed 7976K, reserved 1048576K
Event: 561.926 GC heap after
Heap after GC invocations=33 (full 3):
 PSYoungGen      total 109056K, used 0K [0x00000000e0000000, 0x00000000e7980000, 0x0000000100000000)
  eden space 97792K, 0% used [0x00000000e0000000,0x00000000e0000000,0x00000000e5f80000)
  from space 11264K, 0% used [0x00000000e6b80000,0x00000000e6b80000,0x00000000e7680000)
  to   space 12288K, 0% used [0x00000000e5f80000,0x00000000e5f80000,0x00000000e6b80000)
 ParOldGen       total 86528K, used 36809K [0x00000000a0000000, 0x00000000a5480000, 0x00000000e0000000)
  object space 86528K, 42% used [0x00000000a0000000,0x00000000a23f2790,0x00000000a5480000)
 Metaspace       used 56681K, capacity 58768K, committed 59160K, reserved 1099776K
  class space    used 7477K, capacity 7875K, committed 7976K, reserved 1048576K
}

