# JRE version: OpenJDK Runtime Environment (8.0_112-b06) (build 1.8.0_112-release-b06)
# Java VM: OpenJDK 64-Bit Server VM (25.112-b06 mixed mode windows-amd64 compressed oops)
Heap:
 PSYoungGen      total 87552K, used 83092K [0x00000000e0000000, 0x00000000e8a00000, 0x0000000100000000)
  eden space 77312K, 95% used [0x00000000e0000000,0x00000000e4870aa0,0x00000000e4b80000)
  from space 10240K, 87% used [0x00000000e4b80000,0x00000000e5434658,0x00000000e5580000)
  to   space 10752K, 0% used [0x00000000e7f80000,0x00000000e7f80000,0x00000000e8a00000)
 ParOldGen       total 45056K, used 14024K [0x00000000a0000000, 0x00000000a2c00000, 0x00000000e0000000)
  object space 45056K, 31% used [0x00000000a0000000,0x00000000a0db23d0,0x00000000a2c00000)
 Metaspace       used 44939K, capacity 45974K, committed 46336K, reserved 1089536K
  class space    used 6021K, capacity 6275K, committed 6400K, reserved 1048576K
GC Heap History (10 events):
Event: 18.353 GC heap before
{Heap before GC invocations=11 (full 1):
 PSYoungGen      total 66048K, used 65689K [0x00000000e0000000, 0x00000000e4a00000, 0x0000000100000000)
  eden space 59392K, 100% used [0x00000000e0000000,0x00000000e3a00000,0x00000000e3a00000)
  from space 6656K, 94% used [0x00000000e3d80000,0x00000000e43a64e0,0x00000000e4400000)
  to   space 6144K, 0% used [0x00000000e4400000,0x00000000e4400000,0x00000000e4a00000)
 ParOldGen       total 37376K, used 9094K [0x00000000a0000000, 0x00000000a2480000, 0x00000000e0000000)
  object space 37376K, 24% used [0x00000000a0000000,0x00000000a08e19e8,0x00000000a2480000)
 Metaspace       used 29735K, capacity 30194K, committed 30336K, reserved 1075200K
  class space    used 4033K, capacity 4158K, committed 4224K, reserved 1048576K
Event: 18.378 GC heap after
Heap after GC invocations=11 (full 1):
 PSYoungGen      total 67584K, used 6126K [0x00000000e0000000, 0x00000000e5780000, 0x0000000100000000)
  eden space 61440K, 0% used [0x00000000e0000000,0x00000000e0000000,0x00000000e3c00000)
  from space 6144K, 99% used [0x00000000e4400000,0x00000000e49fbb90,0x00000000e4a00000)
  to   space 8192K, 0% used [0x00000000e3c00000,0x00000000e3c00000,0x00000000e4400000)
 ParOldGen       total 37376K, used 9491K [0x00000000a0000000, 0x00000000a2480000, 0x00000000e0000000)
  object space 37376K, 25% used [0x00000000a0000000,0x00000000a0944db8,0x00000000a2480000)
 Metaspace       used 29735K, capacity 30194K, committed 30336K, reserved 1075200K
  class space    used 4033K, capacity 4158K, committed 4224K, reserved 1048576K
}
Event: 19.498 GC heap before
{Heap before GC invocations=12 (full 1):
 PSYoungGen      total 67584K, used 67566K [0x00000000e0000000, 0x00000000e5780000, 0x0000000100000000)
  eden space 61440K, 100% used [0x00000000e0000000,0x00000000e3c00000,0x00000000e3c00000)
  from space 6144K, 99% used [0x00000000e4400000,0x00000000e49fbb90,0x00000000e4a00000)
  to   space 8192K, 0% used [0x00000000e3c00000,0x00000000e3c00000,0x00000000e4400000)
 ParOldGen       total 37376K, used 9491K [0x00000000a0000000, 0x00000000a2480000, 0x00000000e0000000)
  object space 37376K, 25% used [0x00000000a0000000,0x00000000a0944db8,0x00000000a2480000)
 Metaspace       used 34801K, capacity 35350K, committed 35496K, reserved 1079296K
  class space    used 4649K, capacity 4816K, committed 4864K, reserved 1048576K
Event: 19.521 GC heap after
Heap after GC invocations=12 (full 1):
 PSYoungGen      total 69632K, used 8162K [0x00000000e0000000, 0x00000000e5f80000, 0x0000000100000000)
  eden space 61440K, 0% used [0x00000000e0000000,0x00000000e0000000,0x00000000e3c00000)
  from space 8192K, 99% used [0x00000000e3c00000,0x00000000e43f8878,0x00000000e4400000)
  to   space 10240K, 0% used [0x00000000e5580000,0x00000000e5580000,0x00000000e5f80000)
 ParOldGen       total 37376K, used 12644K [0x00000000a0000000, 0x00000000a2480000, 0x00000000e0000000)
  object space 37376K, 33% used [0x00000000a0000000,0x00000000a0c591b0,0x00000000a2480000)
 Metaspace       used 34801K, capacity 35350K, committed 35496K, reserved 1079296K
  class space    used 4649K, capacity 4816K, committed 4864K, reserved 1048576K
}
Event: 19.531 GC heap before
{Heap before GC invocations=13 (full 1):
 PSYoungGen      total 69632K, used 9404K [0x00000000e0000000, 0x00000000e5f80000, 0x0000000100000000)
  eden space 61440K, 2% used [0x00000000e0000000,0x00000000e01367e8,0x00000000e3c00000)
  from space 8192K, 99% used [0x00000000e3c00000,0x00000000e43f8878,0x00000000e4400000)
  to   space 10240K, 0% used [0x00000000e5580000,0x00000000e5580000,0x00000000e5f80000)
 ParOldGen       total 37376K, used 12644K [0x00000000a0000000, 0x00000000a2480000, 0x00000000e0000000)
  object space 37376K, 33% used [0x00000000a0000000,0x00000000a0c591b0,0x00000000a2480000)
 Metaspace       used 34826K, capacity 35350K, committed 35496K, reserved 1079296K
  class space    used 4651K, capacity 4816K, committed 4864K, reserved 1048576K
Event: 19.550 GC heap after
Heap after GC invocations=13 (full 1):
 PSYoungGen      total 87552K, used 5648K [0x00000000e0000000, 0x00000000e7080000, 0x0000000100000000)
  eden space 77312K, 0% used [0x00000000e0000000,0x00000000e0000000,0x00000000e4b80000)
  from space 10240K, 55% used [0x00000000e5580000,0x00000000e5b04010,0x00000000e5f80000)
  to   space 10240K, 0% used [0x00000000e4b80000,0x00000000e4b80000,0x00000000e5580000)
 ParOldGen       total 37376K, used 14540K [0x00000000a0000000, 0x00000000a2480000, 0x00000000e0000000)
  object space 37376K, 38% used [0x00000000a0000000,0x00000000a0e33220,0x00000000a2480000)
 Metaspace       used 34826K, capacity 35350K, committed 35496K, reserved 1079296K
  class space    used 4651K, capacity 4816K, committed 4864K, reserved 1048576K
}
Event: 19.550 GC heap before
{Heap before GC invocations=14 (full 2):
 PSYoungGen      total 87552K, used 5648K [0x00000000e0000000, 0x00000000e7080000, 0x0000000100000000)
  eden space 77312K, 0% used [0x00000000e0000000,0x00000000e0000000,0x00000000e4b80000)
  from space 10240K, 55% used [0x00000000e5580000,0x00000000e5b04010,0x00000000e5f80000)
  to   space 10240K, 0% used [0x00000000e4b80000,0x00000000e4b80000,0x00000000e5580000)
 ParOldGen       total 37376K, used 14540K [0x00000000a0000000, 0x00000000a2480000, 0x00000000e0000000)
  object space 37376K, 38% used [0x00000000a0000000,0x00000000a0e33220,0x00000000a2480000)
 Metaspace       used 34826K, capacity 35350K, committed 35496K, reserved 1079296K
  class space    used 4651K, capacity 4816K, committed 4864K, reserved 1048576K
Event: 19.687 GC heap after
Heap after GC invocations=14 (full 2):
 PSYoungGen      total 87552K, used 0K [0x00000000e0000000, 0x00000000e7080000, 0x0000000100000000)
  eden space 77312K, 0% used [0x00000000e0000000,0x00000000e0000000,0x00000000e4b80000)
  from space 10240K, 0% used [0x00000000e5580000,0x00000000e5580000,0x00000000e5f80000)
  to   space 10240K, 0% used [0x00000000e4b80000,0x00000000e4b80000,0x00000000e5580000)
 ParOldGen       total 45056K, used 14016K [0x00000000a0000000, 0x00000000a2c00000, 0x00000000e0000000)
  object space 45056K, 31% used [0x00000000a0000000,0x00000000a0db03d0,0x00000000a2c00000)
 Metaspace       used 34826K, capacity 35350K, committed 35496K, reserved 1079296K
  class space    used 4651K, capacity 4816K, committed 4864K, reserved 1048576K
}
Event: 21.854 GC heap before
{Heap before GC invocations=15 (full 2):
 PSYoungGen      total 87552K, used 77312K [0x00000000e0000000, 0x00000000e7080000, 0x0000000100000000)
  eden space 77312K, 100% used [0x00000000e0000000,0x00000000e4b80000,0x00000000e4b80000)
  from space 10240K, 0% used [0x00000000e5580000,0x00000000e5580000,0x00000000e5f80000)
  to   space 10240K, 0% used [0x00000000e4b80000,0x00000000e4b80000,0x00000000e5580000)
 ParOldGen       total 45056K, used 14016K [0x00000000a0000000, 0x00000000a2c00000, 0x00000000e0000000)
  object space 45056K, 31% used [0x00000000a0000000,0x00000000a0db03d0,0x00000000a2c00000)
 Metaspace       used 42070K, capacity 42804K, committed 43008K, reserved 1087488K
  class space    used 5637K, capacity 5838K, committed 5888K, reserved 1048576K
Event: 21.879 GC heap after
Heap after GC invocations=15 (full 2):
 PSYoungGen      total 87552K, used 8913K [0x00000000e0000000, 0x00000000e8a00000, 0x0000000100000000)
  eden space 77312K, 0% used [0x00000000e0000000,0x00000000e0000000,0x00000000e4b80000)
  from space 10240K, 87% used [0x00000000e4b80000,0x00000000e5434658,0x00000000e5580000)
  to   space 10752K, 0% used [0x00000000e7f80000,0x00000000e7f80000,0x00000000e8a00000)
 ParOldGen       total 45056K, used 14024K [0x00000000a0000000, 0x00000000a2c00000, 0x00000000e0000000)
  object space 45056K, 31% used [0x00000000a0000000,0x00000000a0db23d0,0x00000000a2c00000)
 Metaspace       used 42070K, capacity 42804K, committed 43008K, reserved 1087488K
  class space    used 5637K, capacity 5838K, committed 5888K, reserved 1048576K
}

